{
  "RSpec": {
    "coverage": {
      "/home/tinix/workspace-rails/RESTful-Apis/OT367-SERVER/config/environment.rb": [
        null,
        1,
        null,
        null,
        1
      ],
      "/home/tinix/workspace-rails/RESTful-Apis/OT367-SERVER/config/application.rb": [
        1,
        null,
        1,
        null,
        null,
        null,
        1,
        null,
        1,
        1,
        null,
        1,
        null,
        null,
        null,
        null,
        1,
        null,
        null,
        null,
        null,
        null,
        null,
        null,
        null,
        null,
        null,
        null,
        null,
        1,
        null,
        null
      ],
      "/home/tinix/workspace-rails/RESTful-Apis/OT367-SERVER/config/boot.rb": [
        1,
        null,
        1,
        1
      ],
      "/home/tinix/workspace-rails/RESTful-Apis/OT367-SERVER/config/environments/test.rb": [
        1,
        null,
        null,
        null,
        null,
        null,
        null,
        1,
        null,
        null,
        null,
        1,
        null,
        null,
        null,
        null,
        null,
        1,
        null,
        null,
        1,
        1,
        null,
        null,
        null,
        null,
        1,
        1,
        1,
        null,
        null,
        1,
        null,
        null,
        1,
        null,
        null,
        1,
        null,
        1,
        null,
        null,
        null,
        null,
        1,
        null,
        null,
        1,
        null,
        null,
        1,
        null,
        null,
        1,
        null,
        null,
        null,
        null,
        null,
        null,
        null,
        null,
        1,
        null
      ],
      "/home/tinix/workspace-rails/RESTful-Apis/OT367-SERVER/config/initializers/cors.rb": [
        null,
        null,
        null,
        null,
        null,
        null,
        null,
        null,
        null,
        null,
        null,
        null,
        null,
        null,
        null,
        null
      ],
      "/home/tinix/workspace-rails/RESTful-Apis/OT367-SERVER/config/initializers/filter_parameter_logging.rb": [
        null,
        null,
        null,
        null,
        null,
        1,
        null,
        null
      ],
      "/home/tinix/workspace-rails/RESTful-Apis/OT367-SERVER/config/initializers/inflections.rb": [
        null,
        null,
        null,
        null,
        null,
        null,
        null,
        null,
        null,
        null,
        null,
        null,
        null,
        null,
        null,
        null
      ],
      "/home/tinix/workspace-rails/RESTful-Apis/OT367-SERVER/spec/factories/organizations.rb": [
        null,
        null,
        null,
        null,
        null,
        null,
        null,
        null,
        null,
        null,
        null,
        null,
        null,
        null,
        null,
        null,
        null,
        null,
        null,
        null,
        null,
        null,
        1,
        1,
        1,
        1,
        1,
        1,
        1,
        1,
        null,
        null,
        1,
        1,
        null,
        null
      ],
      "/home/tinix/workspace-rails/RESTful-Apis/OT367-SERVER/spec/factories/roles.rb": [
        null,
        null,
        null,
        null,
        null,
        null,
        null,
        null,
        null,
        null,
        null,
        null,
        null,
        null,
        null,
        null,
        null,
        1,
        1,
        13,
        13,
        null,
        null
      ],
      "/home/tinix/workspace-rails/RESTful-Apis/OT367-SERVER/config/routes.rb": [
        1,
        null,
        null,
        null,
        null,
        1,
        null,
        1,
        1,
        null,
        null,
        null,
        null,
        null,
        null,
        null
      ],
      "/home/tinix/workspace-rails/RESTful-Apis/OT367-SERVER/spec/support/factory_bot.rb": [
        null,
        null,
        1,
        1,
        null
      ],
      "/home/tinix/workspace-rails/RESTful-Apis/OT367-SERVER/spec/support/shoulda_matchers.rb": [
        null,
        null,
        1,
        1,
        1,
        1,
        null,
        null
      ],
      "/home/tinix/workspace-rails/RESTful-Apis/OT367-SERVER/app/models/role.rb": [
        null,
        null,
        null,
        null,
        null,
        null,
        null,
        null,
        null,
        null,
        null,
        null,
        null,
        null,
        null,
        null,
        null,
        1,
        1,
        null,
        1,
        null,
        1,
        null,
        null
      ],
      "/home/tinix/workspace-rails/RESTful-Apis/OT367-SERVER/app/models/application_record.rb": [
        null,
        null,
        1,
        1,
        null
      ]
    },
    "timestamp": 1698450180
  }
}
